

> build
> npx tsc --build

[1G[0K[1G[0K[96mindex.ts[0m:[93m1[0m:[93m20[0m - [91merror[0m[90m TS2307: [0mCannot find module '@/logger' or its corresponding type declarations.

[7m1[0m import logger from '@/logger';
[7m [0m [91m                   ~~~~~~~~~~[0m

[96msrc/emitter/bid.ts[0m:[93m3[0m:[93m34[0m - [91merror[0m[90m TS2307: [0mCannot find module '@/../index' or its corresponding type declarations.

[7m3[0m import type { EventInsert } from '@/../index'; // Adjust import if EventInsert type is elsewhere
[7m [0m [91m                                 ~~~~~~~~~~~~[0m

[96msrc/emitter/can.ts[0m:[93m1[0m:[93m20[0m - [91merror[0m[90m TS2307: [0mCannot find module '@/logger' or its corresponding type declarations.

[7m1[0m import logger from "@/logger";
[7m [0m [91m                   ~~~~~~~~~~[0m

[96msrc/emitter/close_pli.ts[0m:[93m1[0m:[93m54[0m - [91merror[0m[90m TS2307: [0mCannot find module '@/emitter/end_game' or its corresponding type declarations.

[7m1[0m import { distributeRankingPoints, emitEndGame } from "@/emitter/end_game";
[7m [0m [91m                                                     ~~~~~~~~~~~~~~~~~~~~[0m

[96msrc/emitter/close_pli.ts[0m:[93m2[0m:[93m28[0m - [91merror[0m[90m TS2307: [0mCannot find module '@/emitter/points' or its corresponding type declarations.

[7m2[0m import { emitPoints } from "@/emitter/points";
[7m [0m [91m                           ~~~~~~~~~~~~~~~~~~[0m

[96msrc/emitter/close_pli.ts[0m:[93m3[0m:[93m26[0m - [91merror[0m[90m TS2307: [0mCannot find module '@/emitter/start_pli' or its corresponding type declarations.

[7m3[0m import { startPli } from "@/emitter/start_pli";
[7m [0m [91m                         ~~~~~~~~~~~~~~~~~~~~~[0m

[96msrc/emitter/close_pli.ts[0m:[93m4[0m:[93m24[0m - [91merror[0m[90m TS2307: [0mCannot find module '@/game' or its corresponding type declarations.

[7m4[0m import controller from "@/game";
[7m [0m [91m                       ~~~~~~~~[0m

[96msrc/emitter/close_pli.ts[0m:[93m5[0m:[93m22[0m - [91merror[0m[90m TS2307: [0mCannot find module '@/supabase' or its corresponding type declarations.

[7m5[0m import supabase from "@/supabase";
[7m [0m [91m                     ~~~~~~~~~~~~[0m

[96msrc/emitter/close_pli.ts[0m:[93m6[0m:[93m21[0m - [91merror[0m[90m TS2307: [0mCannot find module '@/utils' or its corresponding type declarations.

[7m6[0m import { dev } from "@/utils";
[7m [0m [91m                    ~~~~~~~~~[0m

[96msrc/emitter/create_game.ts[0m:[93m1[0m:[93m22[0m - [91merror[0m[90m TS2307: [0mCannot find module '@/supabase' or its corresponding type declarations.

[7m1[0m import supabase from "@/supabase";
[7m [0m [91m                     ~~~~~~~~~~~~[0m

[96msrc/emitter/create_game.ts[0m:[93m2[0m:[93m30[0m - [91merror[0m[90m TS2307: [0mCannot find module '@coinche/game' or its corresponding type declarations.

[7m2[0m import { formatPoints } from "@coinche/game";
[7m [0m [91m                             ~~~~~~~~~~~~~~~[0m

[96msrc/emitter/dealing.ts[0m:[93m1[0m:[93m28[0m - [91merror[0m[90m TS2307: [0mCannot find module '@/emitter/can' or its corresponding type declarations.

[7m1[0m import { emitCanBid } from "@/emitter/can";
[7m [0m [91m                           ~~~~~~~~~~~~~~~[0m

[96msrc/emitter/dealing.ts[0m:[93m2[0m:[93m24[0m - [91merror[0m[90m TS2307: [0mCannot find module '@/game' or its corresponding type declarations.

[7m2[0m import controller from "@/game";
[7m [0m [91m                       ~~~~~~~~[0m

[96msrc/emitter/dealing.ts[0m:[93m3[0m:[93m20[0m - [91merror[0m[90m TS2307: [0mCannot find module '@/logger' or its corresponding type declarations.

[7m3[0m import logger from "@/logger";
[7m [0m [91m                   ~~~~~~~~~~[0m

[96msrc/emitter/dealing.ts[0m:[93m21[0m:[93m17[0m - [91merror[0m[90m TS18046: [0m'player' is of type 'unknown'.

[7m21[0m     (player) => player.id === id_player_starting,
[7m  [0m [91m                ~~~~~~[0m

[96msrc/emitter/dealing.ts[0m:[93m41[0m:[93m28[0m - [91merror[0m[90m TS2571: [0mObject is of type 'unknown'.

[7m41[0m       await distributeCard(shiftedPlayers[j].id, gameId, publish);
[7m  [0m [91m                           ~~~~~~~~~~~~~~~~~[0m

[96msrc/emitter/dealing.ts[0m:[93m46[0m:[93m28[0m - [91merror[0m[90m TS2571: [0mObject is of type 'unknown'.

[7m46[0m       await distributeCard(shiftedPlayers[j].id, gameId, publish);
[7m  [0m [91m                           ~~~~~~~~~~~~~~~~~[0m

[96msrc/emitter/dealing.ts[0m:[93m51[0m:[93m28[0m - [91merror[0m[90m TS2571: [0mObject is of type 'unknown'.

[7m51[0m       await distributeCard(shiftedPlayers[j].id, gameId, publish);
[7m  [0m [91m                           ~~~~~~~~~~~~~~~~~[0m

[96msrc/emitter/end_game.ts[0m:[93m1[0m:[93m20[0m - [91merror[0m[90m TS2307: [0mCannot find module '@/logger' or its corresponding type declarations.

[7m1[0m import logger from "@/logger";
[7m [0m [91m                   ~~~~~~~~~~[0m

[96msrc/emitter/end_game.ts[0m:[93m2[0m:[93m22[0m - [91merror[0m[90m TS2307: [0mCannot find module '@/supabase' or its corresponding type declarations.

[7m2[0m import supabase from "@/supabase";
[7m [0m [91m                     ~~~~~~~~~~~~[0m

[96msrc/emitter/end_game.ts[0m:[93m98[0m:[93m35[0m - [91merror[0m[90m TS7006: [0mParameter 'd' implicitly has an 'any' type.

[7m98[0m     const playerData = data.find((d) => d.playerId === playerId);
[7m  [0m [91m                                  ~[0m

[96msrc/emitter/end_trick.ts[0m:[93m1[0m:[93m28[0m - [91merror[0m[90m TS2307: [0mCannot find module '@/emitter/close_pli' or its corresponding type declarations.

[7m1[0m import { findWinner } from '@/emitter/close_pli';
[7m [0m [91m                           ~~~~~~~~~~~~~~~~~~~~~[0m

[96msrc/emitter/end_trick.ts[0m:[93m2[0m:[93m24[0m - [91merror[0m[90m TS2307: [0mCannot find module '@/game' or its corresponding type declarations.

[7m2[0m import controller from '@/game';
[7m [0m [91m                       ~~~~~~~~[0m

[96msrc/emitter/end_trick.ts[0m:[93m3[0m:[93m20[0m - [91merror[0m[90m TS2307: [0mCannot find module '@/logger' or its corresponding type declarations.

[7m3[0m import logger from '@/logger';
[7m [0m [91m                   ~~~~~~~~~~[0m

[96msrc/emitter/end_trick.ts[0m:[93m21[0m:[93m23[0m - [91merror[0m[90m TS7006: [0mParameter 'pli' implicitly has an 'any' type.

[7m21[0m         plis.forEach((pli) => {
[7m  [0m [91m                      ~~~[0m

[96msrc/emitter/start_dealing.ts[0m:[93m1[0m:[93m25[0m - [91merror[0m[90m TS2307: [0mCannot find module '@/emitter/dealing' or its corresponding type declarations.

[7m1[0m import emitDealing from "@/emitter/dealing";
[7m [0m [91m                        ~~~~~~~~~~~~~~~~~~~[0m

[96msrc/emitter/start_dealing.ts[0m:[93m2[0m:[93m24[0m - [91merror[0m[90m TS2307: [0mCannot find module '@/game' or its corresponding type declarations.

[7m2[0m import controller from "@/game";
[7m [0m [91m                       ~~~~~~~~[0m

[96msrc/emitter/start_dealing.ts[0m:[93m3[0m:[93m22[0m - [91merror[0m[90m TS2307: [0mCannot find module '@/supabase' or its corresponding type declarations.

[7m3[0m import supabase from "@/supabase";
[7m [0m [91m                     ~~~~~~~~~~~~[0m

[96msrc/emitter/start_dealing.ts[0m:[93m4[0m:[93m35[0m - [91merror[0m[90m TS2307: [0mCannot find module '@/utils' or its corresponding type declarations.

[7m4[0m import { generateDeckCards } from "@/utils";
[7m [0m [91m                                  ~~~~~~~~~[0m

[96msrc/emitter/start_dealing.ts[0m:[93m6[0m:[93m20[0m - [91merror[0m[90m TS2307: [0mCannot find module '@/logger' or its corresponding type declarations.

[7m6[0m import logger from "@/logger";
[7m [0m [91m                   ~~~~~~~~~~[0m

[96msrc/emitter/start_pli.ts[0m:[93m1[0m:[93m29[0m - [91merror[0m[90m TS2307: [0mCannot find module '@/emitter/can' or its corresponding type declarations.

[7m1[0m import { emitCanPlay } from "@/emitter/can";
[7m [0m [91m                            ~~~~~~~~~~~~~~~[0m

[96msrc/emitter/start_pli.ts[0m:[93m2[0m:[93m24[0m - [91merror[0m[90m TS2307: [0mCannot find module '@/game' or its corresponding type declarations.

[7m2[0m import controller from "@/game";
[7m [0m [91m                       ~~~~~~~~[0m

[96msrc/emitter/start_pli.ts[0m:[93m3[0m:[93m20[0m - [91merror[0m[90m TS2307: [0mCannot find module '@/logger' or its corresponding type declarations.

[7m3[0m import logger from "@/logger";
[7m [0m [91m                   ~~~~~~~~~~[0m

[96msrc/emitter/start_trick.ts[0m:[93m1[0m:[93m20[0m - [91merror[0m[90m TS2307: [0mCannot find module '@/logger' or its corresponding type declarations.

[7m1[0m import logger from '@/logger';
[7m [0m [91m                   ~~~~~~~~~~[0m

[96msrc/emitter/start_trick.ts[0m:[93m3[0m:[93m24[0m - [91merror[0m[90m TS2307: [0mCannot find module '@/game' or its corresponding type declarations.

[7m3[0m import controller from '@/game';
[7m [0m [91m                       ~~~~~~~~[0m

[96msrc/game.ts[0m:[93m1[0m:[93m28[0m - [91merror[0m[90m TS2307: [0mCannot find module '@/emitter/end_game' or its corresponding type declarations.

[7m1[0m import { deleteRows } from '@/emitter/end_game';
[7m [0m [91m                           ~~~~~~~~~~~~~~~~~~~~[0m

[96msrc/game.ts[0m:[93m2[0m:[93m20[0m - [91merror[0m[90m TS2307: [0mCannot find module '@/logger' or its corresponding type declarations.

[7m2[0m import logger from '@/logger';
[7m [0m [91m                   ~~~~~~~~~~[0m

[96msrc/listener/bidding.ts[0m:[93m1[0m:[93m28[0m - [91merror[0m[90m TS2307: [0mCannot find module '@/emitter/can' or its corresponding type declarations.

[7m1[0m import { emitCanBid } from '@/emitter/can';
[7m [0m [91m                           ~~~~~~~~~~~~~~~[0m

[96msrc/listener/bidding.ts[0m:[93m2[0m:[93m26[0m - [91merror[0m[90m TS2307: [0mCannot find module '@/emitter/start_pli' or its corresponding type declarations.

[7m2[0m import { startPli } from '@/emitter/start_pli';
[7m [0m [91m                         ~~~~~~~~~~~~~~~~~~~~~[0m

[96msrc/listener/bidding.ts[0m:[93m3[0m:[93m24[0m - [91merror[0m[90m TS2307: [0mCannot find module '@/game' or its corresponding type declarations.

[7m3[0m import controller from '@/game';
[7m [0m [91m                       ~~~~~~~~[0m

[96msrc/listener/bidding.ts[0m:[93m4[0m:[93m20[0m - [91merror[0m[90m TS2307: [0mCannot find module '@/logger' or its corresponding type declarations.

[7m4[0m import logger from '@/logger';
[7m [0m [91m                   ~~~~~~~~~~[0m

[96msrc/listener/bidding.ts[0m:[93m5[0m:[93m35[0m - [91merror[0m[90m TS2307: [0mCannot find module '@/utils' or its corresponding type declarations.

[7m5[0m import { setNextPlayerTurn } from '@/utils';
[7m [0m [91m                                  ~~~~~~~~~[0m

[96msrc/listener/bidding.ts[0m:[93m8[0m:[93m25[0m - [91merror[0m[90m TS2307: [0mCannot find module '@/emitter/bid' or its corresponding type declarations.

[7m8[0m import { emitBid } from '@/emitter/bid';
[7m [0m [91m                        ~~~~~~~~~~~~~~~[0m

[96msrc/listener/bidding.ts[0m:[93m36[0m:[93m56[0m - [91merror[0m[90m TS7006: [0mParameter 'bidding' implicitly has an 'any' type.

[7m36[0m         const biddingsPassed = lastTwobiddings.filter((bidding) => bidding.bidding === 0);
[7m  [0m [91m                                                       ~~~~~~~[0m

[96msrc/listener/index.ts[0m:[93m1[0m:[93m30[0m - [91merror[0m[90m TS2307: [0mCannot find module '@/listener/bidding' or its corresponding type declarations.

[7m1[0m import translateBidding from '@/listener/bidding';
[7m [0m [91m                             ~~~~~~~~~~~~~~~~~~~~[0m

[96msrc/listener/index.ts[0m:[93m2[0m:[93m27[0m - [91merror[0m[90m TS2307: [0mCannot find module '@/listener/play' or its corresponding type declarations.

[7m2[0m import translatePlay from '@/listener/play';
[7m [0m [91m                          ~~~~~~~~~~~~~~~~~[0m

[96msrc/listener/join_leave.ts[0m:[93m1[0m:[93m34[0m - [91merror[0m[90m TS2307: [0mCannot find module '@/emitter/start_game' or its corresponding type declarations.

[7m1[0m import { emitGameStarting } from "@/emitter/start_game";
[7m [0m [91m                                 ~~~~~~~~~~~~~~~~~~~~~~[0m

[96msrc/listener/join_leave.ts[0m:[93m2[0m:[93m20[0m - [91merror[0m[90m TS2307: [0mCannot find module '@/logger' or its corresponding type declarations.

[7m2[0m import logger from "@/logger";
[7m [0m [91m                   ~~~~~~~~~~[0m

[96msrc/listener/join_leave.ts[0m:[93m4[0m:[93m24[0m - [91merror[0m[90m TS2307: [0mCannot find module '@/game' or its corresponding type declarations.

[7m4[0m import controller from "@/game";
[7m [0m [91m                       ~~~~~~~~[0m

[96msrc/listener/join_leave.ts[0m:[93m39[0m:[93m30[0m - [91merror[0m[90m TS18046: [0m'firstPlayer' is of type 'unknown'.

[7m39[0m       await emitGameStarting(firstPlayer.id, gameId, publish);
[7m  [0m [91m                             ~~~~~~~~~~~[0m

[96msrc/listener/play.ts[0m:[93m1[0m:[93m29[0m - [91merror[0m[90m TS2307: [0mCannot find module '@/emitter/can' or its corresponding type declarations.

[7m1[0m import { emitCanPlay } from '@/emitter/can';
[7m [0m [91m                            ~~~~~~~~~~~~~~~[0m

[96msrc/listener/play.ts[0m:[93m2[0m:[93m26[0m - [91merror[0m[90m TS2307: [0mCannot find module '@/emitter/close_pli' or its corresponding type declarations.

[7m2[0m import { closePli } from '@/emitter/close_pli';
[7m [0m [91m                         ~~~~~~~~~~~~~~~~~~~~~[0m

[96msrc/listener/play.ts[0m:[93m3[0m:[93m24[0m - [91merror[0m[90m TS2307: [0mCannot find module '@/game' or its corresponding type declarations.

[7m3[0m import controller from '@/game';
[7m [0m [91m                       ~~~~~~~~[0m

[96msrc/listener/play.ts[0m:[93m4[0m:[93m20[0m - [91merror[0m[90m TS2307: [0mCannot find module '@/logger' or its corresponding type declarations.

[7m4[0m import logger from '@/logger';
[7m [0m [91m                   ~~~~~~~~~~[0m

[96msrc/listener/play.ts[0m:[93m5[0m:[93m35[0m - [91merror[0m[90m TS2307: [0mCannot find module '@/utils' or its corresponding type declarations.

[7m5[0m import { setNextPlayerTurn } from '@/utils';
[7m [0m [91m                                  ~~~~~~~~~[0m

[96msrc/points.ts[0m:[93m1[0m:[93m22[0m - [91merror[0m[90m TS2307: [0mCannot find module '@/supabase' or its corresponding type declarations.

[7m1[0m import supabase from '@/supabase';
[7m [0m [91m                     ~~~~~~~~~~~~[0m

[96msrc/supabase.ts[0m:[93m6[0m:[93m31[0m - [91merror[0m[90m TS2345: [0mArgument of type 'string | undefined' is not assignable to parameter of type 'string'.
  Type 'undefined' is not assignable to type 'string'.

[7m6[0m const supabase = createClient(SUPABASE_URL, SUPABASE_ANON_KEY);
[7m [0m [91m                              ~~~~~~~~~~~~[0m

[96msrc/utils.ts[0m:[93m1[0m:[93m24[0m - [91merror[0m[90m TS2307: [0mCannot find module '@/game' or its corresponding type declarations.

[7m1[0m import controller from '@/game';
[7m [0m [91m                       ~~~~~~~~[0m


Found 58 errors.

[1G[0Kâ ™[1G[0K[1G[0Kâ ™[1G[0K[1mnpm[22m [31merror[39m Lifecycle script `build` failed with error:
[1G[0Kâ ™[1G[0K[1mnpm[22m [31merror[39m [94mcode[39m [33m1[39m
[1G[0Kâ ™[1G[0K[1mnpm[22m [31merror[39m [94mpath[39m /workspace/apps/controller
[1G[0Kâ ™[1G[0K[1mnpm[22m [31merror[39m [94mworkspace[39m @coinche/controller
[1G[0Kâ ™[1G[0K[1mnpm[22m [31merror[39m [94mlocation[39m /workspace/apps/controller
[1G[0Kâ ™[1G[0K[1mnpm[22m [31merror[39m command failed
[1G[0Kâ ™[1G[0K[1mnpm[22m [31merror[39m [94mcommand[39m sh -c npx tsc --build
[1G[0Kâ ™[1G[0K
